# Logfile created on 2014-11-06 16:38:01 +0000 by logger.rb/44203
D, [2014-11-06T16:38:01.406355 #6882] DEBUG -- : REQUESTING PAGE: GET / with {} and HTTP headers {}
D, [2014-11-06T16:38:39.089401 #6933] DEBUG -- : REQUESTING PAGE: GET / with {} and HTTP headers {}
D, [2014-11-06T16:39:50.834644 #7008] DEBUG -- : REQUESTING PAGE: GET / with {} and HTTP headers {}
D, [2014-11-06T16:40:34.221958 #7058] DEBUG -- : REQUESTING PAGE: GET / with {} and HTTP headers {}
D, [2014-11-06T16:40:49.802551 #7082] DEBUG -- : REQUESTING PAGE: GET / with {} and HTTP headers {}
D, [2014-11-06T16:45:12.817503 #7308] DEBUG -- : REQUESTING PAGE: GET / with {} and HTTP headers {}
D, [2014-11-06T16:45:12.832258 #7308] DEBUG -- : REQUESTING PAGE: GET / with {} and HTTP headers {}
D, [2014-11-06T16:46:21.676559 #7374] DEBUG -- : REQUESTING PAGE: GET / with {} and HTTP headers {}
D, [2014-11-06T16:46:21.692761 #7374] DEBUG -- : REQUESTING PAGE: GET / with {} and HTTP headers {}
D, [2014-11-06T16:47:51.361037 #7459] DEBUG -- : REQUESTING PAGE: GET / with {} and HTTP headers {}
D, [2014-11-06T16:47:51.375854 #7459] DEBUG -- : REQUESTING PAGE: GET / with {} and HTTP headers {}
D, [2014-11-06T16:49:33.346398 #7595] DEBUG -- : REQUESTING PAGE: GET / with {} and HTTP headers {}
D, [2014-11-06T16:49:33.363915 #7595] DEBUG -- : REQUESTING PAGE: GET / with {} and HTTP headers {}
D, [2014-11-06T16:50:09.629922 #7640] DEBUG -- : REQUESTING PAGE: GET / with {} and HTTP headers {}
D, [2014-11-06T16:50:09.647909 #7640] DEBUG -- : REQUESTING PAGE: GET / with {} and HTTP headers {}
D, [2014-11-06T16:50:09.651380 #7640] DEBUG -- : REQUESTING PAGE: POST /tcp with {"host"=>"google.com", "port"=>"80"} and HTTP headers {"HTTP_REFERER"=>"/"}
D, [2014-11-06T16:53:01.127889 #7792] DEBUG -- : REQUESTING PAGE: GET / with {} and HTTP headers {}
D, [2014-11-06T16:53:01.142900 #7792] DEBUG -- : REQUESTING PAGE: GET / with {} and HTTP headers {}
D, [2014-11-06T16:53:01.146495 #7792] DEBUG -- : REQUESTING PAGE: POST /tcp with {"host"=>"google.com", "port"=>"80"} and HTTP headers {"HTTP_REFERER"=>"/"}
D, [2014-11-06T16:54:55.852856 #7910] DEBUG -- : REQUESTING PAGE: GET / with {} and HTTP headers {}
D, [2014-11-06T16:54:55.867758 #7910] DEBUG -- : REQUESTING PAGE: GET / with {} and HTTP headers {}
D, [2014-11-06T16:54:55.871495 #7910] DEBUG -- : REQUESTING PAGE: POST /tcp with {"host"=>"google.com", "port"=>"80"} and HTTP headers {"HTTP_REFERER"=>"/"}
D, [2014-11-06T16:58:12.811892 #8087] DEBUG -- : REQUESTING PAGE: GET / with {} and HTTP headers {}
D, [2014-11-06T16:58:12.829097 #8087] DEBUG -- : REQUESTING PAGE: GET / with {} and HTTP headers {}
D, [2014-11-06T16:58:12.832612 #8087] DEBUG -- : REQUESTING PAGE: POST /tcp with {"host"=>"google.com", "port"=>"80"} and HTTP headers {"HTTP_REFERER"=>"/"}
D, [2014-11-06T16:58:48.313362 #8130] DEBUG -- : REQUESTING PAGE: GET / with {} and HTTP headers {}
D, [2014-11-06T16:58:48.327657 #8130] DEBUG -- : REQUESTING PAGE: GET / with {} and HTTP headers {}
D, [2014-11-06T16:58:48.331126 #8130] DEBUG -- : REQUESTING PAGE: POST /tcp with {"host"=>"google.com", "port"=>"80"} and HTTP headers {"HTTP_REFERER"=>"/"}
D, [2014-11-06T16:59:32.105019 #8180] DEBUG -- : REQUESTING PAGE: GET / with {} and HTTP headers {}
D, [2014-11-06T16:59:32.119728 #8180] DEBUG -- : REQUESTING PAGE: GET / with {} and HTTP headers {}
D, [2014-11-06T16:59:32.123177 #8180] DEBUG -- : REQUESTING PAGE: POST /tcp with {"host"=>"google.com", "port"=>"80"} and HTTP headers {"HTTP_REFERER"=>"/"}
D, [2014-11-06T17:02:28.899906 #8344] DEBUG -- : REQUESTING PAGE: GET / with {} and HTTP headers {}
D, [2014-11-06T17:02:28.914357 #8344] DEBUG -- : REQUESTING PAGE: GET / with {} and HTTP headers {}
D, [2014-11-06T17:02:28.917907 #8344] DEBUG -- : REQUESTING PAGE: POST /tcp with {"host"=>"google.com", "port"=>"80"} and HTTP headers {"HTTP_REFERER"=>"/"}
D, [2014-11-06T17:02:54.650700 #8376] DEBUG -- : REQUESTING PAGE: GET / with {} and HTTP headers {}
D, [2014-11-06T17:02:54.674690 #8376] DEBUG -- : REQUESTING PAGE: GET / with {} and HTTP headers {}
D, [2014-11-06T17:02:54.678396 #8376] DEBUG -- : REQUESTING PAGE: POST /tcp with {"host"=>"google.com", "port"=>"80"} and HTTP headers {"HTTP_REFERER"=>"/"}
D, [2014-11-06T17:03:14.884740 #8404] DEBUG -- : REQUESTING PAGE: GET / with {} and HTTP headers {}
D, [2014-11-06T17:03:14.901280 #8404] DEBUG -- : REQUESTING PAGE: GET / with {} and HTTP headers {}
D, [2014-11-06T17:03:14.905932 #8404] DEBUG -- : REQUESTING PAGE: POST /tcp with {"host"=>"google.com", "port"=>"80"} and HTTP headers {"HTTP_REFERER"=>"/"}
D, [2014-11-06T17:09:02.564766 #8710] DEBUG -- : REQUESTING PAGE: GET / with {} and HTTP headers {}
D, [2014-11-06T17:09:02.584885 #8710] DEBUG -- : REQUESTING PAGE: GET /check?tcp=google.com&port=80 with {} and HTTP headers {}
D, [2014-11-06T17:09:16.660331 #8733] DEBUG -- : REQUESTING PAGE: GET / with {} and HTTP headers {}
D, [2014-11-06T17:09:16.679907 #8733] DEBUG -- : REQUESTING PAGE: GET /check?host=google.com&port=80 with {} and HTTP headers {}
D, [2014-11-06T17:09:56.578681 #8777] DEBUG -- : REQUESTING PAGE: GET / with {} and HTTP headers {}
D, [2014-11-06T17:09:56.595578 #8777] DEBUG -- : REQUESTING PAGE: GET / with {} and HTTP headers {}
D, [2014-11-06T17:09:56.599071 #8777] DEBUG -- : REQUESTING PAGE: POST /tcp with {"host"=>"google.com", "port"=>"80"} and HTTP headers {"HTTP_REFERER"=>"/"}
D, [2014-11-06T17:13:13.478479 #8970] DEBUG -- : REQUESTING PAGE: GET / with {} and HTTP headers {}
D, [2014-11-06T17:13:13.496239 #8970] DEBUG -- : REQUESTING PAGE: GET / with {} and HTTP headers {}
D, [2014-11-06T17:13:13.499771 #8970] DEBUG -- : REQUESTING PAGE: POST /tcp with {"host"=>"google.com", "port"=>"80"} and HTTP headers {"HTTP_REFERER"=>"/"}
D, [2014-11-06T17:13:30.848393 #8993] DEBUG -- : REQUESTING PAGE: GET / with {} and HTTP headers {}
D, [2014-11-06T17:13:30.863956 #8993] DEBUG -- : REQUESTING PAGE: GET / with {} and HTTP headers {}
D, [2014-11-06T17:13:30.867510 #8993] DEBUG -- : REQUESTING PAGE: POST /tcp with {"host"=>"google.com", "port"=>"80"} and HTTP headers {"HTTP_REFERER"=>"/"}
D, [2014-11-06T17:17:47.605861 #9222] DEBUG -- : REQUESTING PAGE: GET / with {} and HTTP headers {}
D, [2014-11-06T17:17:47.626140 #9222] DEBUG -- : REQUESTING PAGE: GET / with {} and HTTP headers {}
D, [2014-11-06T17:17:56.449563 #9239] DEBUG -- : REQUESTING PAGE: GET / with {} and HTTP headers {}
D, [2014-11-06T17:17:56.465501 #9239] DEBUG -- : REQUESTING PAGE: GET / with {} and HTTP headers {}
D, [2014-11-06T17:17:56.469068 #9239] DEBUG -- : REQUESTING PAGE: POST /tcp with {"host"=>"google.com", "port"=>"80"} and HTTP headers {"HTTP_REFERER"=>"/"}
D, [2014-11-06T17:18:06.228728 #9259] DEBUG -- : REQUESTING PAGE: GET / with {} and HTTP headers {}
D, [2014-11-06T17:18:06.245114 #9259] DEBUG -- : REQUESTING PAGE: GET / with {} and HTTP headers {}
D, [2014-11-06T17:18:06.248949 #9259] DEBUG -- : REQUESTING PAGE: POST /tcp with {"host"=>"google.com", "port"=>"80"} and HTTP headers {"HTTP_REFERER"=>"/"}
D, [2014-11-06T17:18:18.662420 #9282] DEBUG -- : REQUESTING PAGE: GET / with {} and HTTP headers {}
D, [2014-11-06T17:18:18.677929 #9282] DEBUG -- : REQUESTING PAGE: GET / with {} and HTTP headers {}
D, [2014-11-06T17:18:18.681490 #9282] DEBUG -- : REQUESTING PAGE: POST /tcp with {"host"=>"google.com", "port"=>"80"} and HTTP headers {"HTTP_REFERER"=>"/"}
D, [2014-11-06T17:19:35.764273 #9359] DEBUG -- : REQUESTING PAGE: GET / with {} and HTTP headers {}
D, [2014-11-06T17:19:35.780198 #9359] DEBUG -- : REQUESTING PAGE: GET / with {} and HTTP headers {}
D, [2014-11-06T17:19:35.784650 #9359] DEBUG -- : REQUESTING PAGE: POST /tcp with {"host"=>"google.com", "port"=>"80"} and HTTP headers {"HTTP_REFERER"=>"/"}
D, [2014-11-06T17:19:50.753552 #9386] DEBUG -- : REQUESTING PAGE: GET / with {} and HTTP headers {}
D, [2014-11-06T17:19:50.772377 #9386] DEBUG -- : REQUESTING PAGE: GET / with {} and HTTP headers {}
D, [2014-11-06T17:19:50.776089 #9386] DEBUG -- : REQUESTING PAGE: POST /tcp with {"host"=>"google.com", "port"=>"80"} and HTTP headers {"HTTP_REFERER"=>"/"}
D, [2014-11-07T12:45:50.482206 #19743] DEBUG -- : REQUESTING PAGE: GET / with {} and HTTP headers {}
D, [2014-11-07T12:45:50.506681 #19743] DEBUG -- : REQUESTING PAGE: GET / with {} and HTTP headers {}
D, [2014-11-07T12:45:50.536280 #19743] DEBUG -- : REQUESTING PAGE: POST /tcp with {"host"=>"google.com", "port"=>"80"} and HTTP headers {"HTTP_REFERER"=>"/"}
D, [2014-11-07T12:46:04.453674 #19767] DEBUG -- : REQUESTING PAGE: GET / with {} and HTTP headers {}
D, [2014-11-07T12:46:04.473471 #19767] DEBUG -- : REQUESTING PAGE: GET / with {} and HTTP headers {}
D, [2014-11-07T12:46:04.480003 #19767] DEBUG -- : REQUESTING PAGE: POST /tcp with {"host"=>"google.com", "port"=>"80"} and HTTP headers {"HTTP_REFERER"=>"/"}
D, [2014-11-07T12:47:35.598362 #19852] DEBUG -- : REQUESTING PAGE: GET / with {} and HTTP headers {}
D, [2014-11-07T12:47:35.618995 #19852] DEBUG -- : REQUESTING PAGE: GET / with {} and HTTP headers {}
D, [2014-11-07T12:47:35.625481 #19852] DEBUG -- : REQUESTING PAGE: POST /tcp with {"host"=>"google.com", "port"=>"80"} and HTTP headers {"HTTP_REFERER"=>"/"}
D, [2014-11-07T12:53:09.093041 #20187] DEBUG -- : REQUESTING PAGE: GET / with {} and HTTP headers {}
D, [2014-11-07T12:53:09.107416 #20187] DEBUG -- : REQUESTING PAGE: GET / with {} and HTTP headers {}
D, [2014-11-07T12:53:09.120740 #20187] DEBUG -- : REQUESTING PAGE: POST /tcp with {"host"=>"google.com", "port"=>"80"} and HTTP headers {"HTTP_REFERER"=>"/"}
D, [2014-11-07T12:53:13.996920 #20205] DEBUG -- : REQUESTING PAGE: GET / with {} and HTTP headers {}
D, [2014-11-07T12:53:14.013175 #20205] DEBUG -- : REQUESTING PAGE: GET / with {} and HTTP headers {}
D, [2014-11-07T12:53:14.026395 #20205] DEBUG -- : REQUESTING PAGE: POST /tcp with {"host"=>"google.com", "port"=>"80"} and HTTP headers {"HTTP_REFERER"=>"/"}
D, [2014-11-07T13:36:25.527614 #22274] DEBUG -- : REQUESTING PAGE: GET / with {} and HTTP headers {}
D, [2014-11-07T13:36:25.543943 #22274] DEBUG -- : REQUESTING PAGE: GET / with {} and HTTP headers {}
D, [2014-11-07T13:36:25.566792 #22274] DEBUG -- : REQUESTING PAGE: POST /tcp with {"host"=>"google.com", "port"=>"80"} and HTTP headers {"HTTP_REFERER"=>"/"}
D, [2014-11-07T13:36:48.736911 #22307] DEBUG -- : REQUESTING PAGE: GET / with {} and HTTP headers {}
D, [2014-11-07T13:36:48.755043 #22307] DEBUG -- : REQUESTING PAGE: GET / with {} and HTTP headers {}
D, [2014-11-07T13:36:48.768461 #22307] DEBUG -- : REQUESTING PAGE: POST /tcp with {"host"=>"google.com", "port"=>"80"} and HTTP headers {"HTTP_REFERER"=>"/"}
D, [2014-11-07T13:37:21.663223 #22348] DEBUG -- : REQUESTING PAGE: GET / with {} and HTTP headers {}
D, [2014-11-07T13:37:21.684344 #22348] DEBUG -- : REQUESTING PAGE: GET / with {} and HTTP headers {}
D, [2014-11-07T13:37:21.704959 #22348] DEBUG -- : REQUESTING PAGE: POST /tcp with {"host"=>"google.com", "port"=>"80"} and HTTP headers {"HTTP_REFERER"=>"/"}
D, [2014-11-07T13:37:27.409372 #22367] DEBUG -- : REQUESTING PAGE: GET / with {} and HTTP headers {}
D, [2014-11-07T13:37:27.425697 #22367] DEBUG -- : REQUESTING PAGE: GET / with {} and HTTP headers {}
D, [2014-11-07T13:37:27.429346 #22367] DEBUG -- : REQUESTING PAGE: POST /tcp with {"host"=>"google.com", "port"=>"80"} and HTTP headers {"HTTP_REFERER"=>"/"}
D, [2014-11-07T13:37:33.181540 #22385] DEBUG -- : REQUESTING PAGE: GET / with {} and HTTP headers {}
D, [2014-11-07T13:37:33.198125 #22385] DEBUG -- : REQUESTING PAGE: GET / with {} and HTTP headers {}
D, [2014-11-07T13:37:33.213685 #22385] DEBUG -- : REQUESTING PAGE: POST /tcp with {"host"=>"google.com", "port"=>"80"} and HTTP headers {"HTTP_REFERER"=>"/"}
D, [2014-11-07T13:37:40.633609 #22403] DEBUG -- : REQUESTING PAGE: GET / with {} and HTTP headers {}
D, [2014-11-07T13:37:40.648069 #22403] DEBUG -- : REQUESTING PAGE: GET / with {} and HTTP headers {}
D, [2014-11-07T13:37:40.661448 #22403] DEBUG -- : REQUESTING PAGE: POST /tcp with {"host"=>"google.com", "port"=>"80"} and HTTP headers {"HTTP_REFERER"=>"/"}
D, [2014-11-07T13:49:46.908391 #23015] DEBUG -- : REQUESTING PAGE: GET / with {} and HTTP headers {}
D, [2014-11-07T13:49:46.922864 #23015] DEBUG -- : REQUESTING PAGE: GET / with {} and HTTP headers {}
D, [2014-11-07T13:49:46.926317 #23015] DEBUG -- : REQUESTING PAGE: POST /tcp with {"host"=>"google.com", "port"=>"80"} and HTTP headers {"HTTP_REFERER"=>"/"}
D, [2014-11-07T13:49:47.016455 #23015] DEBUG -- : REQUESTING PAGE: GET / with {} and HTTP headers {}
D, [2014-11-07T13:49:47.019512 #23015] DEBUG -- : REQUESTING PAGE: POST /url with {"url"=>"www.google.com"} and HTTP headers {"HTTP_REFERER"=>"/"}
D, [2014-11-07T13:51:03.892427 #23088] DEBUG -- : REQUESTING PAGE: GET / with {} and HTTP headers {}
D, [2014-11-07T13:51:03.909627 #23088] DEBUG -- : REQUESTING PAGE: GET / with {} and HTTP headers {}
D, [2014-11-07T13:51:03.914247 #23088] DEBUG -- : REQUESTING PAGE: POST /tcp with {"host"=>"google.com", "port"=>"80"} and HTTP headers {"HTTP_REFERER"=>"/"}
D, [2014-11-07T13:51:03.988207 #23088] DEBUG -- : REQUESTING PAGE: GET / with {} and HTTP headers {}
D, [2014-11-07T13:51:03.992019 #23088] DEBUG -- : REQUESTING PAGE: POST /url with {"url"=>"www.google.com"} and HTTP headers {"HTTP_REFERER"=>"/"}
D, [2014-11-07T13:51:35.186956 #23131] DEBUG -- : REQUESTING PAGE: GET / with {} and HTTP headers {}
D, [2014-11-07T13:51:35.201203 #23131] DEBUG -- : REQUESTING PAGE: GET / with {} and HTTP headers {}
D, [2014-11-07T13:51:35.215896 #23131] DEBUG -- : REQUESTING PAGE: POST /tcp with {"host"=>"google.com", "port"=>"80"} and HTTP headers {"HTTP_REFERER"=>"/"}
D, [2014-11-07T13:51:35.254392 #23131] DEBUG -- : REQUESTING PAGE: GET / with {} and HTTP headers {}
D, [2014-11-07T13:51:35.257728 #23131] DEBUG -- : REQUESTING PAGE: POST /url with {"url"=>"www.google.com"} and HTTP headers {"HTTP_REFERER"=>"/"}
D, [2014-11-07T13:52:26.478796 #23187] DEBUG -- : REQUESTING PAGE: GET / with {} and HTTP headers {}
D, [2014-11-07T13:52:26.493870 #23187] DEBUG -- : REQUESTING PAGE: GET / with {} and HTTP headers {}
D, [2014-11-07T13:52:26.509787 #23187] DEBUG -- : REQUESTING PAGE: GET / with {} and HTTP headers {}
D, [2014-11-07T13:52:45.122904 #23212] DEBUG -- : REQUESTING PAGE: GET / with {} and HTTP headers {}
D, [2014-11-07T13:52:45.137557 #23212] DEBUG -- : REQUESTING PAGE: GET / with {} and HTTP headers {}
D, [2014-11-07T13:52:45.141937 #23212] DEBUG -- : REQUESTING PAGE: POST /tcp with {"host"=>"google.com", "port"=>"80"} and HTTP headers {"HTTP_REFERER"=>"/"}
D, [2014-11-07T13:52:45.183458 #23212] DEBUG -- : REQUESTING PAGE: GET / with {} and HTTP headers {}
D, [2014-11-07T13:52:45.186802 #23212] DEBUG -- : REQUESTING PAGE: POST /url with {"url"=>"www.google.com"} and HTTP headers {"HTTP_REFERER"=>"/"}
D, [2014-11-07T13:54:53.967181 #23335] DEBUG -- : REQUESTING PAGE: GET / with {} and HTTP headers {}
D, [2014-11-07T13:54:53.981999 #23335] DEBUG -- : REQUESTING PAGE: GET / with {} and HTTP headers {}
D, [2014-11-07T13:54:53.987384 #23335] DEBUG -- : REQUESTING PAGE: POST /tcp with {"host"=>"google.com", "port"=>"80"} and HTTP headers {"HTTP_REFERER"=>"/"}
D, [2014-11-07T13:54:54.028342 #23335] DEBUG -- : REQUESTING PAGE: GET / with {} and HTTP headers {}
D, [2014-11-07T13:54:54.031232 #23335] DEBUG -- : REQUESTING PAGE: POST /url with {"url"=>"www.google.com"} and HTTP headers {"HTTP_REFERER"=>"/"}
D, [2014-11-07T13:54:54.035048 #23335] DEBUG -- : REQUESTING PAGE: GET / with {} and HTTP headers {}
D, [2014-11-07T13:54:54.037031 #23335] DEBUG -- : REQUESTING PAGE: POST /url with {"url"=>""} and HTTP headers {"HTTP_REFERER"=>"/"}
D, [2014-11-07T13:55:05.690652 #23355] DEBUG -- : REQUESTING PAGE: GET / with {} and HTTP headers {}
D, [2014-11-07T13:55:05.708109 #23355] DEBUG -- : REQUESTING PAGE: GET / with {} and HTTP headers {}
D, [2014-11-07T13:55:05.723700 #23355] DEBUG -- : REQUESTING PAGE: POST /tcp with {"host"=>"google.com", "port"=>"80"} and HTTP headers {"HTTP_REFERER"=>"/"}
D, [2014-11-07T13:55:05.761189 #23355] DEBUG -- : REQUESTING PAGE: GET / with {} and HTTP headers {}
D, [2014-11-07T13:55:05.764482 #23355] DEBUG -- : REQUESTING PAGE: POST /url with {"url"=>"www.google.com"} and HTTP headers {"HTTP_REFERER"=>"/"}
D, [2014-11-07T13:55:05.769340 #23355] DEBUG -- : REQUESTING PAGE: GET / with {} and HTTP headers {}
D, [2014-11-07T13:55:05.771781 #23355] DEBUG -- : REQUESTING PAGE: POST /url with {"url"=>""} and HTTP headers {"HTTP_REFERER"=>"/"}
D, [2014-11-07T13:58:25.507311 #23543] DEBUG -- : REQUESTING PAGE: GET / with {} and HTTP headers {}
D, [2014-11-07T13:58:25.521785 #23543] DEBUG -- : REQUESTING PAGE: GET / with {} and HTTP headers {}
D, [2014-11-07T13:58:25.535949 #23543] DEBUG -- : REQUESTING PAGE: POST /tcp with {"host"=>"google.com", "port"=>"80"} and HTTP headers {"HTTP_REFERER"=>"/"}
D, [2014-11-07T13:58:25.617385 #23543] DEBUG -- : REQUESTING PAGE: GET / with {} and HTTP headers {}
D, [2014-11-07T13:58:25.620689 #23543] DEBUG -- : REQUESTING PAGE: POST /url with {"url"=>"www.google.com"} and HTTP headers {"HTTP_REFERER"=>"/"}
D, [2014-11-07T13:58:25.625254 #23543] DEBUG -- : REQUESTING PAGE: GET / with {} and HTTP headers {}
D, [2014-11-07T13:58:25.627305 #23543] DEBUG -- : REQUESTING PAGE: POST /url with {"url"=>""} and HTTP headers {"HTTP_REFERER"=>"/"}
D, [2014-11-07T13:59:26.917134 #23607] DEBUG -- : REQUESTING PAGE: GET / with {} and HTTP headers {}
D, [2014-11-07T13:59:26.931614 #23607] DEBUG -- : REQUESTING PAGE: GET / with {} and HTTP headers {}
D, [2014-11-07T13:59:26.936098 #23607] DEBUG -- : REQUESTING PAGE: POST /tcp with {"host"=>"google.com", "port"=>"80"} and HTTP headers {"HTTP_REFERER"=>"/"}
D, [2014-11-07T13:59:26.977114 #23607] DEBUG -- : REQUESTING PAGE: GET / with {} and HTTP headers {}
D, [2014-11-07T13:59:26.980720 #23607] DEBUG -- : REQUESTING PAGE: POST /url with {"url"=>"www.google.com"} and HTTP headers {"HTTP_REFERER"=>"/"}
D, [2014-11-07T13:59:26.985410 #23607] DEBUG -- : REQUESTING PAGE: GET / with {} and HTTP headers {}
D, [2014-11-07T13:59:26.987781 #23607] DEBUG -- : REQUESTING PAGE: POST /url with {"url"=>""} and HTTP headers {"HTTP_REFERER"=>"/"}
